<?xml version="1.0" encoding="UTF-8"?>
<!-- Generated by org.testng.reporters.JUnitReportReporter -->
<testsuite skipped="0" hostname="DESKTOP-UVEVA0A" name="post.CreateUser" tests="1" failures="0" timestamp="14 Feb 2020 09:18:45 GMT" time="5.274" errors="0">
  <testcase name="createUserTest" time="5.274" classname="post.CreateUser"/>
</testsuite> <!-- post.CreateUser -->
