<?xml version="1.0" encoding="UTF-8"?>
<!-- Generated by org.testng.reporters.JUnitReportReporter -->
<testsuite skipped="0" hostname="DESKTOP-UVEVA0A" name="get.FirstEmail" tests="1" failures="0" timestamp="14 Feb 2020 09:04:54 GMT" time="6.338" errors="0">
  <testcase name="getFirstEmail" time="6.338" classname="get.FirstEmail"/>
</testsuite> <!-- get.FirstEmail -->
