<?xml version="1.0" encoding="UTF-8"?>
<!-- Generated by org.testng.reporters.JUnitReportReporter -->
<testsuite skipped="0" hostname="DESKTOP-UVEVA0A" name="get.GetAllFirstname" tests="1" failures="0" timestamp="14 Feb 2020 08:54:57 GMT" time="6.098" errors="0">
  <testcase name="getFirstName" time="6.098" classname="get.GetAllFirstname"/>
</testsuite> <!-- get.GetAllFirstname -->
