<?xml version="1.0" encoding="UTF-8"?>
<!-- Generated by org.testng.reporters.JUnitReportReporter -->
<testsuite skipped="0" hostname="DESKTOP-UVEVA0A" name="get.GetRequest" tests="1" failures="0" timestamp="22 Feb 2020 17:39:35 GMT" time="8.240" errors="0">
  <testcase name="getResourceTest" time="8.240" classname="get.GetRequest"/>
</testsuite> <!-- get.GetRequest -->
