<?xml version="1.0" encoding="UTF-8"?>
<!-- Generated by org.testng.reporters.JUnitReportReporter -->
<testsuite skipped="0" hostname="DESKTOP-UVEVA0A" name="post.GitSelenium" tests="1" failures="0" timestamp="14 Feb 2020 12:13:20 GMT" time="41.587" errors="0">
  <testcase name="checkRepository" time="41.587" classname="post.GitSelenium"/>
</testsuite> <!-- post.GitSelenium -->
