<?xml version="1.0" encoding="UTF-8"?>
<!-- Generated by org.testng.reporters.JUnitReportReporter -->
<testsuite skipped="0" hostname="DESKTOP-UVEVA0A" name="post.PostComplex" tests="1" failures="0" timestamp="14 Feb 2020 10:08:45 GMT" time="5.905" errors="0">
  <testcase name="createJsonComplex" time="5.905" classname="post.PostComplex"/>
</testsuite> <!-- post.PostComplex -->
